<?xml version="1.0" encoding="UTF-8"?>
<!-- Generated by org.testng.reporters.JUnitReportReporter -->
<testsuite hostname="FJOSEBAB1" failures="0" tests="1" name="com.thetestingacademy.ATB9xAPIAutomationProgram.ex03_testNG_Examples.APITesting014_TestNG" time="0.125" errors="0" timestamp="2024-12-23T15:13:33 IST" skipped="0">
  <testcase classname="com.thetestingacademy.ATB9xAPIAutomationProgram.ex03_testNG_Examples.APITesting014_TestNG" name="test_PUT" time="0.125"/>
</testsuite> <!-- com.thetestingacademy.ATB9xAPIAutomationProgram.ex03_testNG_Examples.APITesting014_TestNG -->
