<?xml version="1.0" encoding="UTF-8"?>
<!-- Generated by org.testng.reporters.JUnitReportReporter -->
<testsuite hostname="FJOSEBAB1" failures="0" tests="3" name="com.thetestingacademy.ATB9xAPIAutomationProgram.ex03_testNG_Examples.APITesting021_TestNG_InvocationCount" time="0.189" errors="0" timestamp="2024-12-23T15:53:34 IST" skipped="0">
  <testcase classname="com.thetestingacademy.ATB9xAPIAutomationProgram.ex03_testNG_Examples.APITesting021_TestNG_InvocationCount" name="test01" time="0.012"/>
  <testcase classname="com.thetestingacademy.ATB9xAPIAutomationProgram.ex03_testNG_Examples.APITesting021_TestNG_InvocationCount" name="test01" time="0.163"/>
  <testcase classname="com.thetestingacademy.ATB9xAPIAutomationProgram.ex03_testNG_Examples.APITesting021_TestNG_InvocationCount" name="test01" time="0.014"/>
</testsuite> <!-- com.thetestingacademy.ATB9xAPIAutomationProgram.ex03_testNG_Examples.APITesting021_TestNG_InvocationCount -->
