<?xml version="1.0" encoding="UTF-8"?>
<!-- Generated by org.testng.reporters.JUnitReportReporter -->
<testsuite hostname="FJOSEBAB1" failures="0" tests="1" name="com.thetestingacademy.ATB9xAPIAutomationProgram.ex02_RestAssuredBasics.PATCH.APITesting012_PATCH_NONBDDStyle" time="4.901" errors="0" timestamp="2024-12-22T23:51:35 IST" skipped="0">
  <testcase classname="com.thetestingacademy.ATB9xAPIAutomationProgram.ex02_RestAssuredBasics.PATCH.APITesting012_PATCH_NONBDDStyle" name="test_patch_non_bdd" time="4.901"/>
</testsuite> <!-- com.thetestingacademy.ATB9xAPIAutomationProgram.ex02_RestAssuredBasics.PATCH.APITesting012_PATCH_NONBDDStyle -->
