<?xml version="1.0" encoding="UTF-8"?>
<!-- Generated by org.testng.reporters.JUnitReportReporter -->
<testsuite hostname="FJOSEBAB1" failures="0" tests="1" name="com.thetestingacademy.ATB9xAPIAutomationProgram.ex03_testNG_Examples.APITesting018_TestNG_Parameters" time="0.110" errors="0" timestamp="2024-12-23T15:46:51 IST" skipped="0">
  <testcase classname="com.thetestingacademy.ATB9xAPIAutomationProgram.ex03_testNG_Examples.APITesting018_TestNG_Parameters" name="demo1" time="0.110"/>
</testsuite> <!-- com.thetestingacademy.ATB9xAPIAutomationProgram.ex03_testNG_Examples.APITesting018_TestNG_Parameters -->
