<?xml version="1.0" encoding="UTF-8"?>
<!-- Generated by org.testng.reporters.JUnitReportReporter -->
<testsuite hostname="FJOSEBAB1" failures="1" tests="4" name="com.thetestingacademy.ATB9xAPIAutomationProgram.ex02_RestAssuredBasics.Task_12122024.APITestingTask02_NonBDDStyle" time="9.713" errors="0" timestamp="2024-12-20T00:12:42 IST" skipped="0">
  <testcase classname="com.thetestingacademy.ATB9xAPIAutomationProgram.ex02_RestAssuredBasics.Task_12122024.APITestingTask02_NonBDDStyle" name="test_GET_POST_BY_USER" time="1.639"/>
  <testcase classname="com.thetestingacademy.ATB9xAPIAutomationProgram.ex02_RestAssuredBasics.Task_12122024.APITestingTask02_NonBDDStyle" name="test_GET_SPECIFIC_POST" time="1.253"/>
  <testcase classname="com.thetestingacademy.ATB9xAPIAutomationProgram.ex02_RestAssuredBasics.Task_12122024.APITestingTask02_NonBDDStyle" name="test_GET_ALL_POSTS" time="5.372"/>
  <testcase classname="com.thetestingacademy.ATB9xAPIAutomationProgram.ex02_RestAssuredBasics.Task_12122024.APITestingTask02_NonBDDStyle" name="test_GET_INVALID_POST_ID" time="1.449">
    <failure message="Expected status code is 404 expected [200] but found [404]" type="java.lang.AssertionError">
      <![CDATA[java.lang.AssertionError: Expected status code is 404 expected [200] but found [404]
at org.testng.Assert.fail(Assert.java:111)
at org.testng.Assert.failNotEquals(Assert.java:1578)
at org.testng.Assert.assertEqualsImpl(Assert.java:150)
at org.testng.Assert.assertEquals(Assert.java:132)
at org.testng.Assert.assertEquals(Assert.java:1419)
at org.testng.Assert.assertEquals(Assert.java:1383)
at com.thetestingacademy.ATB9xAPIAutomationProgram.ex02_RestAssuredBasics.Task_12122024.APITestingTask02_NonBDDStyle.test_GET_INVALID_POST_ID(APITestingTask02_NonBDDStyle.java:111)
at java.base/jdk.internal.reflect.DirectMethodHandleAccessor.invoke(DirectMethodHandleAccessor.java:103)
at java.base/java.lang.reflect.Method.invoke(Method.java:580)
at org.testng.internal.invokers.MethodInvocationHelper.invokeMethod(MethodInvocationHelper.java:141)
at org.testng.internal.invokers.TestInvoker.invokeMethod(TestInvoker.java:686)
at org.testng.internal.invokers.TestInvoker.invokeTestMethod(TestInvoker.java:230)
at org.testng.internal.invokers.MethodRunner.runInSequence(MethodRunner.java:63)
at org.testng.internal.invokers.TestInvoker$MethodInvocationAgent.invoke(TestInvoker.java:992)
at org.testng.internal.invokers.TestInvoker.invokeTestMethods(TestInvoker.java:203)
at org.testng.internal.invokers.TestMethodWorker.invokeTestMethods(TestMethodWorker.java:154)
at org.testng.internal.invokers.TestMethodWorker.run(TestMethodWorker.java:134)
at java.base/java.util.ArrayList.forEach(ArrayList.java:1596)
at org.testng.TestRunner.privateRun(TestRunner.java:739)
at org.testng.TestRunner.run(TestRunner.java:614)
at org.testng.SuiteRunner.runTest(SuiteRunner.java:421)
at org.testng.SuiteRunner.runSequentially(SuiteRunner.java:413)
at org.testng.SuiteRunner.privateRun(SuiteRunner.java:373)
at org.testng.SuiteRunner.run(SuiteRunner.java:312)
at org.testng.SuiteRunnerWorker.runSuite(SuiteRunnerWorker.java:52)
at org.testng.SuiteRunnerWorker.run(SuiteRunnerWorker.java:95)
at org.testng.TestNG.runSuitesSequentially(TestNG.java:1274)
at org.testng.TestNG.runSuitesLocally(TestNG.java:1208)
at org.testng.TestNG.runSuites(TestNG.java:1112)
at org.testng.TestNG.run(TestNG.java:1079)
at org.testng.remote.AbstractRemoteTestNG.run(AbstractRemoteTestNG.java:115)
at org.testng.remote.RemoteTestNG.initAndRun(RemoteTestNG.java:293)
at org.testng.remote.RemoteTestNG.main(RemoteTestNG.java:91)
]]>
    </failure>
  </testcase> <!-- test_GET_INVALID_POST_ID -->
</testsuite> <!-- com.thetestingacademy.ATB9xAPIAutomationProgram.ex02_RestAssuredBasics.Task_12122024.APITestingTask02_NonBDDStyle -->
