<?xml version="1.0" encoding="UTF-8"?>
<!-- Generated by org.testng.reporters.JUnitReportReporter -->
<testsuite hostname="FJOSEBAB1" failures="0" tests="1" name="com.thetestingacademy.ATB9xAPIAutomationProgram.ex02_RestAssuredBasics.POST.APITesting009_POST_NonBDDStyle" time="2.987" errors="0" timestamp="2024-12-22T23:10:06 IST" skipped="0">
  <testcase classname="com.thetestingacademy.ATB9xAPIAutomationProgram.ex02_RestAssuredBasics.POST.APITesting009_POST_NonBDDStyle" name="test_POST_NONBDDStyle" time="2.987"/>
</testsuite> <!-- com.thetestingacademy.ATB9xAPIAutomationProgram.ex02_RestAssuredBasics.POST.APITesting009_POST_NonBDDStyle -->
