<?xml version="1.0" encoding="UTF-8"?>
<!-- Generated by org.testng.reporters.JUnitReportReporter -->
<testsuite hostname="FJOSEBAB1" failures="0" tests="1" name="com.thetestingacademy.ATB9xAPIAutomationProgram.ex05_PayLoadManagement.Jackson_Demo.APITesting027_RestAssured_JACKSON" time="8.952" errors="0" timestamp="2024-12-24T13:50:24 IST" skipped="0">
  <testcase classname="com.thetestingacademy.ATB9xAPIAutomationProgram.ex05_PayLoadManagement.Jackson_Demo.APITesting027_RestAssured_JACKSON" name="test_Create_Booking_Positive" time="8.952"/>
</testsuite> <!-- com.thetestingacademy.ATB9xAPIAutomationProgram.ex05_PayLoadManagement.Jackson_Demo.APITesting027_RestAssured_JACKSON -->
