<?xml version="1.0" encoding="UTF-8"?>
<!-- Generated by org.testng.reporters.JUnitReportReporter -->
<testsuite hostname="FJOSEBAB1" failures="0" tests="3" name="com.thetestingacademy.ATB9xAPIAutomationProgram.ex03_testNG_Examples.APITesting017_TestNG_DependsOnMethods" time="0.174" errors="0" timestamp="2024-12-23T15:36:22 IST" skipped="0">
  <testcase classname="com.thetestingacademy.ATB9xAPIAutomationProgram.ex03_testNG_Examples.APITesting017_TestNG_DependsOnMethods" name="method2" time="0.006"/>
  <testcase classname="com.thetestingacademy.ATB9xAPIAutomationProgram.ex03_testNG_Examples.APITesting017_TestNG_DependsOnMethods" name="method1" time="0.005"/>
  <testcase classname="com.thetestingacademy.ATB9xAPIAutomationProgram.ex03_testNG_Examples.APITesting017_TestNG_DependsOnMethods" name="serverStartedOk" time="0.163"/>
</testsuite> <!-- com.thetestingacademy.ATB9xAPIAutomationProgram.ex03_testNG_Examples.APITesting017_TestNG_DependsOnMethods -->
