<?xml version="1.0" encoding="UTF-8"?>
<!-- Generated by org.testng.reporters.JUnitReportReporter -->
<testsuite hostname="FJOSEBAB1" failures="0" tests="1" name="com.thetestingacademy.ATB9xAPIAutomationProgram.ex04_Assertions.APITesting_021_RestAssured_Assertions" time="6.800" errors="0" timestamp="2024-12-23T20:49:30 IST" skipped="0">
  <testcase classname="com.thetestingacademy.ATB9xAPIAutomationProgram.ex04_Assertions.APITesting_021_RestAssured_Assertions" name="test_POST" time="6.800"/>
</testsuite> <!-- com.thetestingacademy.ATB9xAPIAutomationProgram.ex04_Assertions.APITesting_021_RestAssured_Assertions -->
