<?xml version="1.0" encoding="UTF-8"?>
<!-- Generated by org.testng.reporters.JUnitReportReporter -->
<testsuite hostname="FJOSEBAB1" failures="0" tests="3" name="com.thetestingacademy.ATB9xAPIAutomationProgram.ex03_testNG_Examples.APITesting020_TestNG_Enabled" time="0.066" errors="0" timestamp="2024-12-23T15:48:32 IST" skipped="1">
  <testcase classname="com.thetestingacademy.ATB9xAPIAutomationProgram.ex03_testNG_Examples.APITesting020_TestNG_Enabled" name="test03" time="0.012"/>
  <testcase classname="com.thetestingacademy.ATB9xAPIAutomationProgram.ex03_testNG_Examples.APITesting020_TestNG_Enabled" name="test01" time="0.054"/>
  <testcase classname="com.thetestingacademy.ATB9xAPIAutomationProgram.ex03_testNG_Examples.APITesting020_TestNG_Enabled" name="test02">
    <skipped/>
  </testcase> <!-- test02 -->
</testsuite> <!-- com.thetestingacademy.ATB9xAPIAutomationProgram.ex03_testNG_Examples.APITesting020_TestNG_Enabled -->
